<?xml version="1.0" encoding="UTF-8"?>
<!-- Generated by org.testng.reporters.JUnitReportReporter -->
<testsuite name="com.beerboard.cp.LoginpageTest" tests="1" time="0.390" ignored="0" failures="0" timestamp="14 Mar 2019 10:38:32 GMT" skipped="0" hostname="VMPC1161" errors="0">
  <testcase name="VaildLogin" time="0.390" classname="com.beerboard.cp.LoginpageTest"/>
</testsuite> <!-- com.beerboard.cp.LoginpageTest -->
