<?xml version="1.0" encoding="UTF-8"?>
<!-- Generated by org.testng.reporters.JUnitReportReporter -->
<testsuite name="com.beerboard.cp.LoginpageTest" tests="3" time="6.401" ignored="0" failures="0" timestamp="21 Mar 2019 13:20:53 GMT" skipped="0" hostname="VMPC1161" errors="0">
  <testcase name="TC_003" time="1.237" classname="com.beerboard.cp.LoginpageTest"/>
  <testcase name="TC_002" time="0.277" classname="com.beerboard.cp.LoginpageTest"/>
  <testcase name="TC_001" time="4.887" classname="com.beerboard.cp.LoginpageTest"/>
</testsuite> <!-- com.beerboard.cp.LoginpageTest -->
